Copyright 1986-2018 Xilinx, Inc. All Rights Reserved.
----------------------------------------------------------------------------------------------------------------------------------------------------------
| Tool Version     : Vivado v.2018.1 (lin64) Build 2188600 Wed Apr  4 18:39:19 MDT 2018
| Date             : Fri Oct 23 05:24:17 2020
| Host             : shebalin-XPS running 64-bit Ubuntu 18.04.5 LTS
| Command          : report_power -file QpixProtoTop_power_routed.rpt -pb QpixProtoTop_power_summary_routed.pb -rpx QpixProtoTop_power_routed.rpx
| Design           : QpixProtoTop
| Device           : xc7z007sclg225-1
| Design State     : routed
| Grade            : commercial
| Process          : typical
| Characterization : Production
----------------------------------------------------------------------------------------------------------------------------------------------------------

Power Report

Table of Contents
-----------------
1. Summary
1.1 On-Chip Components
1.2 Power Supply Summary
1.3 Confidence Level
2. Settings
2.1 Environment
2.2 Clock Constraints
3. Detailed Reports
3.1 By Hierarchy

1. Summary
----------

+--------------------------+--------------+
| Total On-Chip Power (W)  | 1.421        |
| Design Power Budget (W)  | Unspecified* |
| Power Budget Margin (W)  | NA           |
| Dynamic (W)              | 1.299        |
| Device Static (W)        | 0.122        |
| Effective TJA (C/W)      | 11.5         |
| Max Ambient (C)          | 68.6         |
| Junction Temperature (C) | 41.4         |
| Confidence Level         | Medium       |
| Setting File             | ---          |
| Simulation Activity File | ---          |
| Design Nets Matched      | NA           |
+--------------------------+--------------+
* Specify Design Power Budget using, set_operating_conditions -design_power_budget <value in Watts>


1.1 On-Chip Components
----------------------

+--------------------------+-----------+----------+-----------+-----------------+
| On-Chip                  | Power (W) | Used     | Available | Utilization (%) |
+--------------------------+-----------+----------+-----------+-----------------+
| Clocks                   |     0.017 |        4 |       --- |             --- |
| Slice Logic              |     0.014 |    23404 |       --- |             --- |
|   LUT as Logic           |     0.014 |     7928 |     14400 |           55.06 |
|   Register               |    <0.001 |    12422 |     28800 |           43.13 |
|   CARRY4                 |    <0.001 |      125 |      4400 |            2.84 |
|   LUT as Distributed RAM |    <0.001 |      396 |      6000 |            6.60 |
|   F7/F8 Muxes            |    <0.001 |      203 |     17600 |            1.15 |
|   LUT as Shift Register  |    <0.001 |       60 |      6000 |            1.00 |
|   Others                 |     0.000 |      592 |       --- |             --- |
| Signals                  |     0.017 |    19440 |       --- |             --- |
| Block RAM                |     0.071 |       42 |        50 |           84.00 |
| I/O                      |    <0.001 |        4 |        54 |            7.41 |
| PS7                      |     1.180 |        1 |       --- |             --- |
| Static Power             |     0.122 |          |           |                 |
| Total                    |     1.421 |          |           |                 |
+--------------------------+-----------+----------+-----------+-----------------+


1.2 Power Supply Summary
------------------------

+-----------+-------------+-----------+-------------+------------+
| Source    | Voltage (V) | Total (A) | Dynamic (A) | Static (A) |
+-----------+-------------+-----------+-------------+------------+
| Vccint    |       1.000 |     0.125 |       0.117 |      0.008 |
| Vccaux    |       1.800 |     0.008 |       0.000 |      0.008 |
| Vcco33    |       3.300 |     0.001 |       0.000 |      0.001 |
| Vcco25    |       2.500 |     0.000 |       0.000 |      0.000 |
| Vcco18    |       1.800 |     0.000 |       0.000 |      0.000 |
| Vcco15    |       1.500 |     0.000 |       0.000 |      0.000 |
| Vcco135   |       1.350 |     0.000 |       0.000 |      0.000 |
| Vcco12    |       1.200 |     0.000 |       0.000 |      0.000 |
| Vccaux_io |       1.800 |     0.000 |       0.000 |      0.000 |
| Vccbram   |       1.000 |     0.005 |       0.002 |      0.003 |
| MGTAVcc   |       1.000 |     0.000 |       0.000 |      0.000 |
| MGTAVtt   |       1.200 |     0.000 |       0.000 |      0.000 |
| MGTVccaux |       1.800 |     0.000 |       0.000 |      0.000 |
| Vccpint   |       1.000 |     0.694 |       0.667 |      0.027 |
| Vccpaux   |       1.800 |     0.036 |       0.026 |      0.010 |
| Vccpll    |       1.800 |     0.018 |       0.015 |      0.003 |
| Vcco_ddr  |       1.350 |     0.321 |       0.319 |      0.002 |
| Vcco_mio0 |       3.300 |     0.003 |       0.002 |      0.001 |
| Vcco_mio1 |       1.800 |     0.002 |       0.001 |      0.001 |
| Vccadc    |       1.800 |     0.020 |       0.000 |      0.020 |
+-----------+-------------+-----------+-------------+------------+


1.3 Confidence Level
--------------------

+-----------------------------+------------+------------------------------------------------+------------------------------------------------------------------------------------------------------------+
| User Input Data             | Confidence | Details                                        | Action                                                                                                     |
+-----------------------------+------------+------------------------------------------------+------------------------------------------------------------------------------------------------------------+
| Design implementation state | High       | Design is routed                               |                                                                                                            |
| Clock nodes activity        | High       | User specified more than 95% of clocks         |                                                                                                            |
| I/O nodes activity          | High       | User specified more than 95% of inputs         |                                                                                                            |
| Internal nodes activity     | Medium     | User specified less than 25% of internal nodes | Provide missing internal nodes activity with simulation results or by editing the "By Resource Type" views |
| Device models               | High       | Device models are Production                   |                                                                                                            |
|                             |            |                                                |                                                                                                            |
| Overall confidence level    | Medium     |                                                |                                                                                                            |
+-----------------------------+------------+------------------------------------------------+------------------------------------------------------------------------------------------------------------+


2. Settings
-----------

2.1 Environment
---------------

+-----------------------+------------------------+
| Ambient Temp (C)      | 25.0                   |
| ThetaJA (C/W)         | 11.5                   |
| Airflow (LFM)         | 250                    |
| Heat Sink             | none                   |
| ThetaSA (C/W)         | 0.0                    |
| Board Selection       | medium (10"x10")       |
| # of Board Layers     | 8to11 (8 to 11 Layers) |
| Board Temperature (C) | 25.0                   |
+-----------------------+------------------------+


2.2 Clock Constraints
---------------------

+------------+------------------------------------------------------------------------------------+-----------------+
| Clock      | Domain                                                                             | Constraint (ns) |
+------------+------------------------------------------------------------------------------------+-----------------+
| clk_fpga_0 | GEN_MINIZED.design_1_U/design_1_i/processing_system7_0/inst/FCLK_CLK_unbuffered[0] |            20.0 |
+------------+------------------------------------------------------------------------------------+-----------------+


3. Detailed Reports
-------------------

3.1 By Hierarchy
----------------

+----------------------------------------------------+-----------+
| Name                                               | Power (W) |
+----------------------------------------------------+-----------+
| QpixProtoTop                                       |     1.299 |
|   AxiLiteSlaveSimple_U                             |    <0.001 |
|   GEN_MINIZED.design_1_U                           |     1.182 |
|     design_1_i                                     |     1.182 |
|       axi_interconnect_0                           |     0.002 |
|         s00_couplers                               |     0.002 |
|           auto_pc                                  |     0.002 |
|             inst                                   |     0.002 |
|               gen_axilite.gen_b2s_conv.axilite_b2s |     0.002 |
|                 RD.ar_channel_0                    |    <0.001 |
|                   ar_cmd_fsm_0                     |    <0.001 |
|                   cmd_translator_0                 |    <0.001 |
|                     incr_cmd_0                     |    <0.001 |
|                     wrap_cmd_0                     |    <0.001 |
|                 RD.r_channel_0                     |    <0.001 |
|                   rd_data_fifo_0                   |    <0.001 |
|                   transaction_fifo_0               |    <0.001 |
|                 SI_REG                             |    <0.001 |
|                   ar.ar_pipe                       |    <0.001 |
|                   aw.aw_pipe                       |    <0.001 |
|                   b.b_pipe                         |    <0.001 |
|                   r.r_pipe                         |    <0.001 |
|                 WR.aw_channel_0                    |    <0.001 |
|                   aw_cmd_fsm_0                     |    <0.001 |
|                   cmd_translator_0                 |    <0.001 |
|                     incr_cmd_0                     |    <0.001 |
|                     wrap_cmd_0                     |    <0.001 |
|                 WR.b_channel_0                     |    <0.001 |
|                   bid_fifo_0                       |    <0.001 |
|                   bresp_fifo_0                     |    <0.001 |
|       proc_sys_reset_0                             |    <0.001 |
|         U0                                         |    <0.001 |
|           EXT_LPF                                  |    <0.001 |
|             ACTIVE_LOW_AUX.ACT_LO_AUX              |    <0.001 |
|             ACTIVE_LOW_EXT.ACT_LO_EXT              |    <0.001 |
|           SEQ                                      |    <0.001 |
|             SEQ_COUNTER                            |    <0.001 |
|       processing_system7_0                         |     1.180 |
|         inst                                       |     1.180 |
|   QpixAsicArray_U                                  |     0.112 |
|     GEN_X[0].GEN_Y[0].QpixAsicTop_U                |     0.013 |
|       QpixComm_U                                   |     0.011 |
|         GEN_TXRX[0].QpixDummyTxRx_U                |    <0.001 |
|           U_UartRx                                 |    <0.001 |
|           U_UartTx                                 |    <0.001 |
|         GEN_TXRX[1].QpixDummyTxRx_U                |    <0.001 |
|           U_UartRx                                 |    <0.001 |
|           U_UartTx                                 |    <0.001 |
|         GEN_TXRX[2].QpixDummyTxRx_U                |    <0.001 |
|           U_UartRx                                 |    <0.001 |
|           U_UartTx                                 |    <0.001 |
|         GEN_TXRX[3].QpixDummyTxRx_U                |    <0.001 |
|           U_UartRx                                 |    <0.001 |
|           U_UartTx                                 |    <0.001 |
|         QpixParser_U                               |     0.001 |
|         RX_FIFO_GEN[0].FIFO_U                      |     0.002 |
|           bram_i                                   |     0.002 |
|         RX_FIFO_GEN[1].FIFO_U                      |     0.002 |
|           bram_i                                   |     0.002 |
|         RX_FIFO_GEN[2].FIFO_U                      |     0.002 |
|           bram_i                                   |     0.002 |
|         RX_FIFO_GEN[3].FIFO_U                      |     0.002 |
|           bram_i                                   |     0.002 |
|       QpixDataProc_U                               |    <0.001 |
|       QpixRegFile_U                                |    <0.001 |
|       QpixRoute_U                                  |     0.002 |
|         FIFO_EXT_U                                 |    <0.001 |
|           bram_i                                   |    <0.001 |
|             mem_reg_0_3_0_5                        |    <0.001 |
|             mem_reg_0_3_12_17                      |    <0.001 |
|             mem_reg_0_3_18_23                      |    <0.001 |
|             mem_reg_0_3_24_29                      |    <0.001 |
|             mem_reg_0_3_30_35                      |    <0.001 |
|             mem_reg_0_3_36_41                      |    <0.001 |
|             mem_reg_0_3_42_47                      |    <0.001 |
|             mem_reg_0_3_48_53                      |    <0.001 |
|             mem_reg_0_3_54_59                      |    <0.001 |
|             mem_reg_0_3_60_63                      |    <0.001 |
|             mem_reg_0_3_6_11                       |    <0.001 |
|         FIFO_LOC_U                                 |     0.001 |
|           bram_i                                   |    <0.001 |
|     GEN_X[0].GEN_Y[1].QpixAsicTop_U                |     0.013 |
|       QpixComm_U                                   |     0.011 |
|         GEN_TXRX[0].QpixDummyTxRx_U                |    <0.001 |
|           U_UartRx                                 |    <0.001 |
|           U_UartTx                                 |    <0.001 |
|         GEN_TXRX[1].QpixDummyTxRx_U                |    <0.001 |
|           U_UartRx                                 |    <0.001 |
|           U_UartTx                                 |    <0.001 |
|         GEN_TXRX[2].QpixDummyTxRx_U                |    <0.001 |
|           U_UartRx                                 |    <0.001 |
|           U_UartTx                                 |    <0.001 |
|         GEN_TXRX[3].QpixDummyTxRx_U                |    <0.001 |
|           U_UartRx                                 |    <0.001 |
|           U_UartTx                                 |    <0.001 |
|         QpixParser_U                               |     0.001 |
|         RX_FIFO_GEN[0].FIFO_U                      |     0.002 |
|           bram_i                                   |     0.002 |
|         RX_FIFO_GEN[1].FIFO_U                      |     0.002 |
|           bram_i                                   |     0.002 |
|         RX_FIFO_GEN[2].FIFO_U                      |     0.002 |
|           bram_i                                   |     0.002 |
|         RX_FIFO_GEN[3].FIFO_U                      |     0.002 |
|           bram_i                                   |     0.002 |
|       QpixDataProc_U                               |    <0.001 |
|       QpixRegFile_U                                |    <0.001 |
|       QpixRoute_U                                  |     0.002 |
|         FIFO_EXT_U                                 |    <0.001 |
|           bram_i                                   |    <0.001 |
|             mem_reg_0_3_0_5                        |    <0.001 |
|             mem_reg_0_3_12_17                      |    <0.001 |
|             mem_reg_0_3_18_23                      |    <0.001 |
|             mem_reg_0_3_24_29                      |    <0.001 |
|             mem_reg_0_3_30_35                      |    <0.001 |
|             mem_reg_0_3_36_41                      |    <0.001 |
|             mem_reg_0_3_42_47                      |    <0.001 |
|             mem_reg_0_3_48_53                      |    <0.001 |
|             mem_reg_0_3_54_59                      |    <0.001 |
|             mem_reg_0_3_60_63                      |    <0.001 |
|             mem_reg_0_3_6_11                       |    <0.001 |
|         FIFO_LOC_U                                 |     0.001 |
|           bram_i                                   |    <0.001 |
|     GEN_X[0].GEN_Y[2].QpixAsicTop_U                |     0.012 |
|       QpixComm_U                                   |     0.010 |
|         GEN_TXRX[0].QpixDummyTxRx_U                |    <0.001 |
|           U_UartRx                                 |    <0.001 |
|           U_UartTx                                 |    <0.001 |
|         GEN_TXRX[1].QpixDummyTxRx_U                |    <0.001 |
|           U_UartRx                                 |    <0.001 |
|           U_UartTx                                 |    <0.001 |
|         GEN_TXRX[2].QpixDummyTxRx_U                |    <0.001 |
|           U_UartRx                                 |    <0.001 |
|           U_UartTx                                 |    <0.001 |
|         GEN_TXRX[3].QpixDummyTxRx_U                |    <0.001 |
|           U_UartRx                                 |    <0.001 |
|           U_UartTx                                 |    <0.001 |
|         QpixParser_U                               |     0.001 |
|         RX_FIFO_GEN[0].FIFO_U                      |     0.002 |
|           bram_i                                   |     0.002 |
|         RX_FIFO_GEN[1].FIFO_U                      |     0.002 |
|           bram_i                                   |     0.002 |
|         RX_FIFO_GEN[2].FIFO_U                      |     0.002 |
|           bram_i                                   |     0.001 |
|         RX_FIFO_GEN[3].FIFO_U                      |     0.002 |
|           bram_i                                   |     0.001 |
|       QpixDataProc_U                               |    <0.001 |
|       QpixRegFile_U                                |    <0.001 |
|       QpixRoute_U                                  |     0.002 |
|         FIFO_EXT_U                                 |    <0.001 |
|           bram_i                                   |    <0.001 |
|             mem_reg_0_3_0_5                        |    <0.001 |
|             mem_reg_0_3_12_17                      |    <0.001 |
|             mem_reg_0_3_18_23                      |    <0.001 |
|             mem_reg_0_3_24_29                      |    <0.001 |
|             mem_reg_0_3_30_35                      |    <0.001 |
|             mem_reg_0_3_36_41                      |    <0.001 |
|             mem_reg_0_3_42_47                      |    <0.001 |
|             mem_reg_0_3_48_53                      |    <0.001 |
|             mem_reg_0_3_54_59                      |    <0.001 |
|             mem_reg_0_3_60_63                      |    <0.001 |
|             mem_reg_0_3_6_11                       |    <0.001 |
|         FIFO_LOC_U                                 |    <0.001 |
|           bram_i                                   |    <0.001 |
|     GEN_X[1].GEN_Y[0].QpixAsicTop_U                |     0.012 |
|       QpixComm_U                                   |     0.010 |
|         GEN_TXRX[0].QpixDummyTxRx_U                |    <0.001 |
|           U_UartRx                                 |    <0.001 |
|           U_UartTx                                 |    <0.001 |
|         GEN_TXRX[1].QpixDummyTxRx_U                |    <0.001 |
|           U_UartRx                                 |    <0.001 |
|           U_UartTx                                 |    <0.001 |
|         GEN_TXRX[2].QpixDummyTxRx_U                |    <0.001 |
|           U_UartRx                                 |    <0.001 |
|           U_UartTx                                 |    <0.001 |
|         GEN_TXRX[3].QpixDummyTxRx_U                |    <0.001 |
|           U_UartRx                                 |    <0.001 |
|           U_UartTx                                 |    <0.001 |
|         QpixParser_U                               |    <0.001 |
|         RX_FIFO_GEN[0].FIFO_U                      |     0.002 |
|           bram_i                                   |     0.001 |
|         RX_FIFO_GEN[1].FIFO_U                      |     0.002 |
|           bram_i                                   |     0.002 |
|         RX_FIFO_GEN[2].FIFO_U                      |     0.002 |
|           bram_i                                   |     0.002 |
|         RX_FIFO_GEN[3].FIFO_U                      |     0.002 |
|           bram_i                                   |     0.002 |
|       QpixDataProc_U                               |    <0.001 |
|       QpixRegFile_U                                |    <0.001 |
|       QpixRoute_U                                  |     0.002 |
|         FIFO_EXT_U                                 |    <0.001 |
|           bram_i                                   |    <0.001 |
|             mem_reg_0_3_0_5                        |    <0.001 |
|             mem_reg_0_3_12_17                      |    <0.001 |
|             mem_reg_0_3_18_23                      |    <0.001 |
|             mem_reg_0_3_24_29                      |    <0.001 |
|             mem_reg_0_3_30_35                      |    <0.001 |
|             mem_reg_0_3_36_41                      |    <0.001 |
|             mem_reg_0_3_42_47                      |    <0.001 |
|             mem_reg_0_3_48_53                      |    <0.001 |
|             mem_reg_0_3_54_59                      |    <0.001 |
|             mem_reg_0_3_60_63                      |    <0.001 |
|             mem_reg_0_3_6_11                       |    <0.001 |
|         FIFO_LOC_U                                 |     0.001 |
|           bram_i                                   |    <0.001 |
|     GEN_X[1].GEN_Y[1].QpixAsicTop_U                |     0.014 |
|       QpixComm_U                                   |     0.012 |
|         GEN_TXRX[0].QpixDummyTxRx_U                |    <0.001 |
|           U_UartRx                                 |    <0.001 |
|           U_UartTx                                 |    <0.001 |
|         GEN_TXRX[1].QpixDummyTxRx_U                |    <0.001 |
|           U_UartRx                                 |    <0.001 |
|           U_UartTx                                 |    <0.001 |
|         GEN_TXRX[2].QpixDummyTxRx_U                |    <0.001 |
|           U_UartRx                                 |    <0.001 |
|           U_UartTx                                 |    <0.001 |
|         GEN_TXRX[3].QpixDummyTxRx_U                |    <0.001 |
|           U_UartRx                                 |    <0.001 |
|           U_UartTx                                 |    <0.001 |
|         QpixParser_U                               |     0.002 |
|         RX_FIFO_GEN[0].FIFO_U                      |     0.002 |
|           bram_i                                   |     0.002 |
|         RX_FIFO_GEN[1].FIFO_U                      |     0.002 |
|           bram_i                                   |     0.002 |
|         RX_FIFO_GEN[2].FIFO_U                      |     0.002 |
|           bram_i                                   |     0.002 |
|         RX_FIFO_GEN[3].FIFO_U                      |     0.002 |
|           bram_i                                   |     0.002 |
|       QpixDataProc_U                               |    <0.001 |
|       QpixRegFile_U                                |    <0.001 |
|       QpixRoute_U                                  |     0.002 |
|         FIFO_EXT_U                                 |    <0.001 |
|           bram_i                                   |    <0.001 |
|             mem_reg_0_3_0_5                        |    <0.001 |
|             mem_reg_0_3_12_17                      |    <0.001 |
|             mem_reg_0_3_18_23                      |    <0.001 |
|             mem_reg_0_3_24_29                      |    <0.001 |
|             mem_reg_0_3_30_35                      |    <0.001 |
|             mem_reg_0_3_36_41                      |    <0.001 |
|             mem_reg_0_3_42_47                      |    <0.001 |
|             mem_reg_0_3_48_53                      |    <0.001 |
|             mem_reg_0_3_54_59                      |    <0.001 |
|             mem_reg_0_3_60_63                      |    <0.001 |
|             mem_reg_0_3_6_11                       |    <0.001 |
|         FIFO_LOC_U                                 |    <0.001 |
|           bram_i                                   |    <0.001 |
|     GEN_X[1].GEN_Y[2].QpixAsicTop_U                |     0.013 |
|       QpixComm_U                                   |     0.011 |
|         GEN_TXRX[0].QpixDummyTxRx_U                |    <0.001 |
|           U_UartRx                                 |    <0.001 |
|           U_UartTx                                 |    <0.001 |
|         GEN_TXRX[1].QpixDummyTxRx_U                |    <0.001 |
|           U_UartRx                                 |    <0.001 |
|           U_UartTx                                 |    <0.001 |
|         GEN_TXRX[2].QpixDummyTxRx_U                |    <0.001 |
|           U_UartRx                                 |    <0.001 |
|           U_UartTx                                 |    <0.001 |
|         GEN_TXRX[3].QpixDummyTxRx_U                |    <0.001 |
|           U_UartRx                                 |    <0.001 |
|           U_UartTx                                 |    <0.001 |
|         QpixParser_U                               |     0.001 |
|         RX_FIFO_GEN[0].FIFO_U                      |     0.002 |
|           bram_i                                   |     0.002 |
|         RX_FIFO_GEN[1].FIFO_U                      |     0.002 |
|           bram_i                                   |     0.002 |
|         RX_FIFO_GEN[2].FIFO_U                      |     0.002 |
|           bram_i                                   |     0.002 |
|         RX_FIFO_GEN[3].FIFO_U                      |     0.002 |
|           bram_i                                   |     0.002 |
|       QpixDataProc_U                               |    <0.001 |
|       QpixRegFile_U                                |    <0.001 |
|       QpixRoute_U                                  |     0.002 |
|         FIFO_EXT_U                                 |    <0.001 |
|           bram_i                                   |    <0.001 |
|             mem_reg_0_3_0_5                        |    <0.001 |
|             mem_reg_0_3_12_17                      |    <0.001 |
|             mem_reg_0_3_18_23                      |    <0.001 |
|             mem_reg_0_3_24_29                      |    <0.001 |
|             mem_reg_0_3_30_35                      |    <0.001 |
|             mem_reg_0_3_36_41                      |    <0.001 |
|             mem_reg_0_3_42_47                      |    <0.001 |
|             mem_reg_0_3_48_53                      |    <0.001 |
|             mem_reg_0_3_54_59                      |    <0.001 |
|             mem_reg_0_3_60_63                      |    <0.001 |
|             mem_reg_0_3_6_11                       |    <0.001 |
|         FIFO_LOC_U                                 |    <0.001 |
|           bram_i                                   |    <0.001 |
|     GEN_X[2].GEN_Y[0].QpixAsicTop_U                |     0.011 |
|       QpixComm_U                                   |     0.009 |
|         GEN_TXRX[0].QpixDummyTxRx_U                |    <0.001 |
|           U_UartRx                                 |    <0.001 |
|           U_UartTx                                 |    <0.001 |
|         GEN_TXRX[1].QpixDummyTxRx_U                |    <0.001 |
|           U_UartRx                                 |    <0.001 |
|           U_UartTx                                 |    <0.001 |
|         GEN_TXRX[2].QpixDummyTxRx_U                |    <0.001 |
|           U_UartRx                                 |    <0.001 |
|           U_UartTx                                 |    <0.001 |
|         GEN_TXRX[3].QpixDummyTxRx_U                |    <0.001 |
|           U_UartRx                                 |    <0.001 |
|           U_UartTx                                 |    <0.001 |
|         QpixParser_U                               |    <0.001 |
|         RX_FIFO_GEN[0].FIFO_U                      |     0.002 |
|           bram_i                                   |     0.001 |
|         RX_FIFO_GEN[1].FIFO_U                      |     0.002 |
|           bram_i                                   |     0.002 |
|         RX_FIFO_GEN[2].FIFO_U                      |     0.002 |
|           bram_i                                   |     0.002 |
|         RX_FIFO_GEN[3].FIFO_U                      |     0.002 |
|           bram_i                                   |     0.002 |
|       QpixDataProc_U                               |    <0.001 |
|       QpixRegFile_U                                |    <0.001 |
|       QpixRoute_U                                  |     0.002 |
|         FIFO_EXT_U                                 |    <0.001 |
|           bram_i                                   |    <0.001 |
|             mem_reg_0_3_0_5                        |    <0.001 |
|             mem_reg_0_3_12_17                      |    <0.001 |
|             mem_reg_0_3_18_23                      |    <0.001 |
|             mem_reg_0_3_24_29                      |    <0.001 |
|             mem_reg_0_3_30_35                      |    <0.001 |
|             mem_reg_0_3_36_41                      |    <0.001 |
|             mem_reg_0_3_42_47                      |    <0.001 |
|             mem_reg_0_3_48_53                      |    <0.001 |
|             mem_reg_0_3_54_59                      |    <0.001 |
|             mem_reg_0_3_60_63                      |    <0.001 |
|             mem_reg_0_3_6_11                       |    <0.001 |
|         FIFO_LOC_U                                 |    <0.001 |
|           bram_i                                   |    <0.001 |
|     GEN_X[2].GEN_Y[1].QpixAsicTop_U                |     0.013 |
|       QpixComm_U                                   |     0.011 |
|         GEN_TXRX[0].QpixDummyTxRx_U                |    <0.001 |
|           U_UartRx                                 |    <0.001 |
|           U_UartTx                                 |    <0.001 |
|         GEN_TXRX[1].QpixDummyTxRx_U                |    <0.001 |
|           U_UartRx                                 |    <0.001 |
|           U_UartTx                                 |    <0.001 |
|         GEN_TXRX[2].QpixDummyTxRx_U                |    <0.001 |
|           U_UartRx                                 |    <0.001 |
|           U_UartTx                                 |    <0.001 |
|         GEN_TXRX[3].QpixDummyTxRx_U                |    <0.001 |
|           U_UartRx                                 |    <0.001 |
|           U_UartTx                                 |    <0.001 |
|         QpixParser_U                               |     0.001 |
|         RX_FIFO_GEN[0].FIFO_U                      |     0.002 |
|           bram_i                                   |     0.002 |
|         RX_FIFO_GEN[1].FIFO_U                      |     0.002 |
|           bram_i                                   |     0.002 |
|         RX_FIFO_GEN[2].FIFO_U                      |     0.002 |
|           bram_i                                   |     0.002 |
|         RX_FIFO_GEN[3].FIFO_U                      |     0.002 |
|           bram_i                                   |     0.002 |
|       QpixDataProc_U                               |    <0.001 |
|       QpixRegFile_U                                |    <0.001 |
|       QpixRoute_U                                  |     0.002 |
|         FIFO_EXT_U                                 |    <0.001 |
|           bram_i                                   |    <0.001 |
|             mem_reg_0_3_0_5                        |    <0.001 |
|             mem_reg_0_3_12_17                      |    <0.001 |
|             mem_reg_0_3_18_23                      |    <0.001 |
|             mem_reg_0_3_24_29                      |    <0.001 |
|             mem_reg_0_3_30_35                      |    <0.001 |
|             mem_reg_0_3_36_41                      |    <0.001 |
|             mem_reg_0_3_42_47                      |    <0.001 |
|             mem_reg_0_3_48_53                      |    <0.001 |
|             mem_reg_0_3_54_59                      |    <0.001 |
|             mem_reg_0_3_60_63                      |    <0.001 |
|             mem_reg_0_3_6_11                       |    <0.001 |
|         FIFO_LOC_U                                 |    <0.001 |
|           bram_i                                   |    <0.001 |
|     GEN_X[2].GEN_Y[2].QpixAsicTop_U                |     0.012 |
|       QpixComm_U                                   |     0.010 |
|         GEN_TXRX[0].QpixDummyTxRx_U                |    <0.001 |
|           U_UartRx                                 |    <0.001 |
|           U_UartTx                                 |    <0.001 |
|         GEN_TXRX[1].QpixDummyTxRx_U                |    <0.001 |
|           U_UartRx                                 |    <0.001 |
|           U_UartTx                                 |    <0.001 |
|         GEN_TXRX[2].QpixDummyTxRx_U                |    <0.001 |
|           U_UartRx                                 |    <0.001 |
|           U_UartTx                                 |    <0.001 |
|         GEN_TXRX[3].QpixDummyTxRx_U                |    <0.001 |
|           U_UartRx                                 |    <0.001 |
|           U_UartTx                                 |    <0.001 |
|         QpixParser_U                               |     0.001 |
|         RX_FIFO_GEN[0].FIFO_U                      |     0.002 |
|           bram_i                                   |     0.002 |
|         RX_FIFO_GEN[1].FIFO_U                      |     0.002 |
|           bram_i                                   |     0.002 |
|         RX_FIFO_GEN[2].FIFO_U                      |     0.002 |
|           bram_i                                   |     0.001 |
|         RX_FIFO_GEN[3].FIFO_U                      |     0.002 |
|           bram_i                                   |     0.002 |
|       QpixDataProc_U                               |    <0.001 |
|       QpixRegFile_U                                |    <0.001 |
|       QpixRoute_U                                  |     0.002 |
|         FIFO_EXT_U                                 |    <0.001 |
|           bram_i                                   |    <0.001 |
|             mem_reg_0_3_0_5                        |    <0.001 |
|             mem_reg_0_3_12_17                      |    <0.001 |
|             mem_reg_0_3_18_23                      |    <0.001 |
|             mem_reg_0_3_24_29                      |    <0.001 |
|             mem_reg_0_3_30_35                      |    <0.001 |
|             mem_reg_0_3_36_41                      |    <0.001 |
|             mem_reg_0_3_42_47                      |    <0.001 |
|             mem_reg_0_3_48_53                      |    <0.001 |
|             mem_reg_0_3_54_59                      |    <0.001 |
|             mem_reg_0_3_60_63                      |    <0.001 |
|             mem_reg_0_3_6_11                       |    <0.001 |
|         FIFO_LOC_U                                 |    <0.001 |
|           bram_i                                   |    <0.001 |
|   QpixDaqCtrl_U                                    |     0.004 |
|     QpixUartTxRx_U                                 |    <0.001 |
|       U_UartRx                                     |    <0.001 |
|       U_UartTx                                     |    <0.001 |
|     mem_U                                          |     0.003 |
|   QpixHitsGen_U                                    |    <0.001 |
|   QpixProtoRegMap_U                                |    <0.001 |
+----------------------------------------------------+-----------+


