05:31:07 INFO  : Registering command handlers for SDK TCF services
05:31:07 INFO  : Launching XSCT server: xsct -n -interactive /home/shebalin/work/q-pix/qpix-digital/prototype-project/QpixProto-Minized/QpixProto.sdk/temp_xsdb_launch_script.tcl
05:31:10 INFO  : XSCT server has started successfully.
05:31:10 INFO  : Successfully done setting XSCT server connection channel  
05:31:10 INFO  : Successfully done setting SDK workspace  
05:31:10 INFO  : Processing command line option -hwspec /home/shebalin/work/q-pix/qpix-digital/prototype-project/QpixProto-Minized/QpixProto.sdk/QpixProtoTop.hdf.
05:33:41 INFO  : Refreshed build settings on project qpix_ctrl
22:22:56 INFO  : Launching XSCT server: xsct -n -interactive /home/shebalin/work/q-pix/qpix-digital/prototype-project/QpixProto-Minized/QpixProto.sdk/temp_xsdb_launch_script.tcl
22:22:57 INFO  : XSCT server has started successfully.
22:22:57 INFO  : Successfully done setting XSCT server connection channel  
22:22:59 INFO  : Successfully done setting SDK workspace  
22:23:00 INFO  : Registering command handlers for SDK TCF services
22:23:01 INFO  : Processing command line option -hwspec /home/shebalin/work/q-pix/qpix-digital/prototype-project/QpixProto-Minized/QpixProto.sdk/QpixProtoTop.hdf.
22:23:01 INFO  : Checking for hwspec changes in the project QpixProtoTop_hw_platform_1.
22:23:18 INFO  : 'targets -set -filter {jtag_cable_name =~ "Digilent Zybo Z7 210351A77F8AA" && level==0} -index 1' command is executed.
22:23:18 INFO  : 'fpga -state' command is executed.
22:23:18 INFO  : Connected to target on host '127.0.0.1' and port '3121'.
22:23:19 WARN  : Part name present in the hardware specification 'xc7z007sclg225-1' doesn't match the one present on the target 'xc7z010'.
22:23:39 INFO  : ----------------XSDB Script----------------
connect -url tcp:127.0.0.1:3121
----------------End of Script----------------

